<?xml version="1.0" encoding="UTF-8"?>
<!-- Generated by org.testng.reporters.JUnitReportReporter -->
<testsuite hostname="LAPTOP-D4CG0N8C" failures="0" tests="2" name="com.executeClasses.ExecuteManageExpense" time="5.645" errors="0" timestamp="2021-08-11T18:50:28 PDT" skipped="1">
  <testcase classname="com.executeClasses.ExecuteManageExpense" name="testcase05VerifyDeleteFunctionality" time="5.645"/>
  <system-out/>
  <testcase classname="com.executeClasses.ExecuteManageExpense" name="testcase01VerifyManageExpenseRadioButtonSelection">
    <skipped/>
  </testcase> <!-- testcase01VerifyManageExpenseRadioButtonSelection -->
  <system-out/>
</testsuite> <!-- com.executeClasses.ExecuteManageExpense -->
