<?xml version="1.0" encoding="UTF-8"?>
<!-- Generated by org.testng.reporters.JUnitReportReporter -->
<testsuite hostname="LAPTOP-D4CG0N8C" failures="0" tests="2" name="com.executeClasses.ExecuteVerifyUsers" time="4.094" errors="0" timestamp="2021-08-08T01:24:26 PDT" skipped="1">
  <testcase classname="com.executeClasses.ExecuteVerifyUsers" name="testcase02VerifyPasswordText" time="4.094"/>
  <system-out/>
  <testcase classname="com.executeClasses.ExecuteVerifyUsers" name="testcase01VerifyPasswordButtonText">
    <skipped/>
  </testcase> <!-- testcase01VerifyPasswordButtonText -->
  <system-out/>
</testsuite> <!-- com.executeClasses.ExecuteVerifyUsers -->
