<?xml version="1.0" encoding="UTF-8"?>
<!-- Generated by org.testng.reporters.JUnitReportReporter -->
<testsuite hostname="LAPTOP-D4CG0N8C" failures="0" tests="2" name="com.executeClasses.ExecuteMobileSlider" time="4.163" errors="0" timestamp="2021-08-09T07:36:37 PDT" skipped="1">
  <testcase classname="com.executeClasses.ExecuteMobileSlider" name="testcase02VerifyInactiveButtonBGColor" time="4.163"/>
  <system-out/>
  <testcase classname="com.executeClasses.ExecuteMobileSlider" name="testcase01VerifyImageIsPresent">
    <skipped/>
  </testcase> <!-- testcase01VerifyImageIsPresent -->
  <system-out/>
</testsuite> <!-- com.executeClasses.ExecuteMobileSlider -->
