<?xml version="1.0" encoding="UTF-8"?>
<!-- Generated by org.testng.reporters.JUnitReportReporter -->
<testsuite hostname="LAPTOP-D4CG0N8C" failures="0" tests="5" name="com.executeClasses.ExecuteManageOrders" time="10.952" errors="0" timestamp="2021-08-11T20:10:28 PDT" skipped="3">
  <testcase classname="com.executeClasses.ExecuteManageOrders" name="testcase05VerifySearchButtonByOrderID" time="5.252"/>
  <system-out/>
  <testcase classname="com.executeClasses.ExecuteManageOrders" name="testcase03VerifySearchButtonByPaymentOption" time="5.700"/>
  <system-out/>
  <testcase classname="com.executeClasses.ExecuteManageOrders" name="testcase02VerifyResetButtonBgColor">
    <skipped/>
  </testcase> <!-- testcase02VerifyResetButtonBgColor -->
  <system-out/>
  <testcase classname="com.executeClasses.ExecuteManageOrders" name="testcase01VerifySearchButtonLabelColor">
    <skipped/>
  </testcase> <!-- testcase01VerifySearchButtonLabelColor -->
  <system-out/>
  <testcase classname="com.executeClasses.ExecuteManageOrders" name="testcase04VerifyViewButtonOption">
    <skipped/>
  </testcase> <!-- testcase04VerifyViewButtonOption -->
  <system-out/>
</testsuite> <!-- com.executeClasses.ExecuteManageOrders -->
