<?xml version="1.0" encoding="UTF-8"?>
<!-- Generated by org.testng.reporters.JUnitReportReporter -->
<testsuite hostname="LAPTOP-D4CG0N8C" failures="0" tests="2" name="com.executeClasses.ExecutePushNotification" time="4.890" errors="0" timestamp="2021-08-09T06:43:07 PDT" skipped="1">
  <testcase classname="com.executeClasses.ExecutePushNotification" name="testcase02SubmitPushNotification" time="4.890"/>
  <system-out/>
  <testcase classname="com.executeClasses.ExecutePushNotification" name="testcase01VerifySendButtonBackGroundColor">
    <skipped/>
  </testcase> <!-- testcase01VerifySendButtonBackGroundColor -->
  <system-out/>
</testsuite> <!-- com.executeClasses.ExecutePushNotification -->
