<?xml version="1.0" encoding="UTF-8"?>
<!-- Generated by org.testng.reporters.JUnitReportReporter -->
<testsuite hostname="LAPTOP-D4CG0N8C" failures="0" tests="6" name="com.executeClasses.ExecuteManageProduct" time="5.549" errors="0" timestamp="2021-08-11T17:06:10 PDT" skipped="5">
  <testcase classname="com.executeClasses.ExecuteManageProduct" name="testcase06VerifyProductCodeClick" time="5.549"/>
  <system-out/>
  <testcase classname="com.executeClasses.ExecuteManageProduct" name="testcase03VerifyEditOptionProductTypeRadioButton">
    <skipped/>
  </testcase> <!-- testcase03VerifyEditOptionProductTypeRadioButton -->
  <system-out/>
  <testcase classname="com.executeClasses.ExecuteManageProduct" name="testcase02VerifyFeatureSelectionMessage">
    <skipped/>
  </testcase> <!-- testcase02VerifyFeatureSelectionMessage -->
  <system-out/>
  <testcase classname="com.executeClasses.ExecuteManageProduct" name="testcase04VerifyNewButtonAttributeValue">
    <skipped/>
  </testcase> <!-- testcase04VerifyNewButtonAttributeValue -->
  <system-out/>
  <testcase classname="com.executeClasses.ExecuteManageProduct" name="testcase05VerifyDeleteFunctionality">
    <skipped/>
  </testcase> <!-- testcase05VerifyDeleteFunctionality -->
  <system-out/>
  <testcase classname="com.executeClasses.ExecuteManageProduct" name="testcase01VerifyManageProductActiveButtonFontFamily">
    <skipped/>
  </testcase> <!-- testcase01VerifyManageProductActiveButtonFontFamily -->
  <system-out/>
</testsuite> <!-- com.executeClasses.ExecuteManageProduct -->
