<?xml version="1.0" encoding="UTF-8"?>
<!-- Generated by org.testng.reporters.JUnitReportReporter -->
<testsuite hostname="LAPTOP-D4CG0N8C" failures="0" tests="2" name="com.executeClasses.ExecuteDashBoard" time="11.578" errors="0" timestamp="2021-08-11T07:18:41 PDT" skipped="0">
  <testcase classname="com.executeClasses.ExecuteDashBoard" name="testcase02VerifyADminUserText" time="3.708"/>
  <system-out/>
  <testcase classname="com.executeClasses.ExecuteDashBoard" name="testcase01VerifyManagePageMoreInfoPageTitle" time="7.870"/>
  <system-out/>
</testsuite> <!-- com.executeClasses.ExecuteDashBoard -->
