<?xml version="1.0" encoding="UTF-8"?>
<!-- Generated by org.testng.reporters.JUnitReportReporter -->
<testsuite hostname="LAPTOP-D4CG0N8C" failures="0" tests="5" name="com.executeClasses.ExecuteLogin" time="4.404" errors="1" timestamp="2021-08-11T20:22:23 PDT" skipped="4">
  <testcase classname="com.executeClasses.ExecuteLogin" name="testcase01VerifyLogin" time="4.404">
    <error message="Cannot invoke &quot;org.apache.poi.ss.usermodel.Cell.getStringCellValue()&quot; because &quot;cell&quot; is null" type="java.lang.NullPointerException">
      <![CDATA[java.lang.NullPointerException: Cannot invoke "org.apache.poi.ss.usermodel.Cell.getStringCellValue()" because "cell" is null
at com.generalUtilities.ExcelRead.ReadStringData(ExcelRead.java:33)
at com.elementRepository.LoginPage.enterUserNameFromExcel(LoginPage.java:61)
at com.executeClasses.ExecuteLogin.testcase01VerifyLogin(ExecuteLogin.java:18)
at java.base/jdk.internal.reflect.NativeMethodAccessorImpl.invoke0(Native Method)
at java.base/jdk.internal.reflect.NativeMethodAccessorImpl.invoke(NativeMethodAccessorImpl.java:64)
at java.base/jdk.internal.reflect.DelegatingMethodAccessorImpl.invoke(DelegatingMethodAccessorImpl.java:43)
at java.base/java.lang.reflect.Method.invoke(Method.java:564)
at org.testng.internal.MethodInvocationHelper.invokeMethod(MethodInvocationHelper.java:133)
at org.testng.internal.TestInvoker.invokeMethod(TestInvoker.java:598)
at org.testng.internal.TestInvoker.invokeTestMethod(TestInvoker.java:173)
at org.testng.internal.MethodRunner.runInSequence(MethodRunner.java:46)
at org.testng.internal.TestInvoker$MethodInvocationAgent.invoke(TestInvoker.java:824)
at org.testng.internal.TestInvoker.invokeTestMethods(TestInvoker.java:146)
at org.testng.internal.TestMethodWorker.invokeTestMethods(TestMethodWorker.java:146)
at org.testng.internal.TestMethodWorker.run(TestMethodWorker.java:128)
at java.base/java.util.ArrayList.forEach(ArrayList.java:1511)
at org.testng.TestRunner.privateRun(TestRunner.java:794)
at org.testng.TestRunner.run(TestRunner.java:596)
at org.testng.SuiteRunner.runTest(SuiteRunner.java:377)
at org.testng.SuiteRunner.runSequentially(SuiteRunner.java:371)
at org.testng.SuiteRunner.privateRun(SuiteRunner.java:332)
at org.testng.SuiteRunner.run(SuiteRunner.java:276)
at org.testng.SuiteRunnerWorker.runSuite(SuiteRunnerWorker.java:53)
at org.testng.SuiteRunnerWorker.run(SuiteRunnerWorker.java:96)
at org.testng.TestNG.runSuitesSequentially(TestNG.java:1212)
at org.testng.TestNG.runSuitesLocally(TestNG.java:1134)
at org.testng.TestNG.runSuites(TestNG.java:1063)
at org.testng.TestNG.run(TestNG.java:1031)
at org.testng.remote.AbstractRemoteTestNG.run(AbstractRemoteTestNG.java:115)
at org.testng.remote.RemoteTestNG.initAndRun(RemoteTestNG.java:251)
at org.testng.remote.RemoteTestNG.main(RemoteTestNG.java:77)
]]>
    </error>
  </testcase> <!-- testcase01VerifyLogin -->
  <system-out/>
  <testcase classname="com.executeClasses.ExecuteLogin" name="testcase03VerifyStartSession">
    <skipped/>
  </testcase> <!-- testcase03VerifyStartSession -->
  <system-out/>
  <testcase classname="com.executeClasses.ExecuteLogin" name="testcase02VerifyLoginText">
    <skipped/>
  </testcase> <!-- testcase02VerifyLoginText -->
  <system-out/>
  <testcase classname="com.executeClasses.ExecuteLogin" name="testcase05VerifyRememberMeCheckBox">
    <skipped/>
  </testcase> <!-- testcase05VerifyRememberMeCheckBox -->
  <system-out/>
  <testcase classname="com.executeClasses.ExecuteLogin" name="testcase04VerifyLogoDisplay">
    <skipped/>
  </testcase> <!-- testcase04VerifyLogoDisplay -->
  <system-out/>
</testsuite> <!-- com.executeClasses.ExecuteLogin -->
