<?xml version="1.0" encoding="UTF-8"?>
<!-- Generated by org.testng.reporters.JUnitReportReporter -->
<testsuite hostname="LAPTOP-D4CG0N8C" failures="0" tests="2" name="com.executeClasses.ExecuteManageSlider" time="4.108" errors="0" timestamp="2021-08-09T08:15:57 PDT" skipped="1">
  <testcase classname="com.executeClasses.ExecuteManageSlider" name="testcase01VerifyImageIsPresent" time="4.108"/>
  <system-out/>
  <testcase classname="com.executeClasses.ExecuteManageSlider" name="testcase02VerifyDeleteFunction">
    <skipped/>
  </testcase> <!-- testcase02VerifyDeleteFunction -->
  <system-out/>
</testsuite> <!-- com.executeClasses.ExecuteManageSlider -->
